<?xml version="1.0" encoding="UTF-8"?>
<!-- Generated by org.testng.reporters.JUnitXMLReporter -->
<testsuite hostname="DESKTOP-I1F7EP6" ignored="0" name="Test" tests="3" failures="0" timestamp="20 Mar 2022 09:05:21 GMT" time="12.4" errors="0">
  <testcase name="verify_loginPageCorrect" time="6.783" classname="mavenFirstProject.Dashbord"/>
  <testcase name="checklogicPageHeading" time="2.963" classname="mavenFirstProject.Login_PageTestCase"/>
  <testcase name="checkSubHeading" time="2.609" classname="mavenFirstProject.Login_PageTestCase"/>
</testsuite> <!-- Test -->
