<?xml version="1.0" encoding="UTF-8"?>
<testng-results skipped="0" failed="0" ignored="0" total="1" passed="1">
  <reporter-output>
  </reporter-output>
  <suite name="Default suite" duration-ms="10301" started-at="2022-03-26T17:18:30Z" finished-at="2022-03-26T17:18:41Z">
    <groups>
    </groups>
    <test name="Default test" duration-ms="10301" started-at="2022-03-26T17:18:30Z" finished-at="2022-03-26T17:18:41Z">
      <class name="mavenFirstProject.LoginTest">
        <test-method status="PASS" signature="test01()[pri:0, instance:mavenFirstProject.LoginTest@14acaea5]" name="test01" duration-ms="10255" started-at="2022-03-26T22:48:30Z" finished-at="2022-03-26T22:48:41Z">
          <reporter-output>
          </reporter-output>
        </test-method> <!-- test01 -->
      </class> <!-- mavenFirstProject.LoginTest -->
    </test> <!-- Default test -->
  </suite> <!-- Default suite -->
</testng-results>
